<?xml version="1.0" encoding="UTF-8"?>
<!-- Generated by org.testng.reporters.JUnitXMLReporter -->
<testsuite hostname="DESKTOP-G4P6S3Q" ignored="0" name="Default test" tests="5" failures="0" timestamp="2023-08-06T11:26:30 IST" time="176.586" errors="0">
  <testcase name="testLogin" time="12.126" classname="testCases.Login"/>
  <testcase name="LiginWithInvalidPasswodCredentials" time="18.191" classname="testCases.Login"/>
  <testcase name="LiginWithoutPasswodCredentials" time="3.222" classname="testCases.Login"/>
  <testcase name="SignUpWithInvalidCredentials" time="2.798" classname="testCases.signUp"/>
  <testcase name="testSignUp" time="10.251" classname="testCases.signUp"/>
</testsuite> <!-- Default test -->
